[INFO ] 2020-07-09 23:22:12.570 [JavaFX Application Thread] Main - Applichation started
[INFO ] 2020-07-09 23:22:12.572 [JavaFX Application Thread] Main - Application started
[INFO ] 2020-07-09 23:22:16.929 [Thread-3] Main - Database Connection created com.mysql.jdbc.JDBC4Connection@306cd540
[INFO ] 2020-07-09 23:22:16.992 [Thread-3] Main - User table with given credentials fetched: User{userName='h', password='h', userid='0'}
[INFO ] 2020-07-09 23:22:17.168 [Thread-4] Main - Database Connection created com.mysql.jdbc.JDBC4Connection@4175a33c
[INFO ] 2020-07-09 23:22:17.217 [Thread-4] Main - Note loaded: {id=7, title='notiz', content='ja ganz wichtiges hierssss', creationDate='2020-06-22', state='ACTIVE' }
[INFO ] 2020-07-09 23:22:17.217 [Thread-4] Main - Note loaded: {id=10, title='wefwef', content='eidhgeuiwhweuihfpiweufiuwezf niufzuweiz bnorifnwi uefnzoweif jewpof,jiweujfmoweihjm fiuwehfiuwehbnifuweghbpifuwepfweidhgeuiwhweuihfpiweufiuwezf niufzuweiz bnorifnwi uefnzoweif jewpof,jiweujfmoweihjm fiuwehfiuwehbnifuweghbpifuwepfweidhgeuiwhweuihfpiweufiuwezf niufzuweiz bnorifnwi uefnzoweif jewpof,jiweujfmoweihjm fiuwehfiuwehbnifuweghbpifuwepfw', creationDate='2020-06-26', state='ACTIVE' }
[INFO ] 2020-07-09 23:22:17.218 [Thread-4] Main - Note loaded: {id=11, title='wedwed', content='eidhgeuiwhweuihfpiweufiuwezfniufzuweibnorifnwiuefnzoweifjewpof,jiweujfmoweihjmfiuwehfiuwehbnifuweghbpifuwepfweidhgeuiwhweuihfpiweufiuwezfniufzuweibnorifnwiuefnzoweifjewpof,jiweujfmoweihjmfiuwehfiuwehbnifuweghbpifuwepfweidhgeuiwhweuihfpiweufiuwezfniufzuweibnorifnwiuefnzoweifjewpof,jiweujfmoweihjmfiuwehfiuwehbnifuweghbpifuwepfweidhgeuiwhweuihfpiweufiuwezfniufzuweibnorifnwiuefnzoweifjewpof,jiweujfmoweihjmfiuwehfiuwehbnifuweghbpifuwepfweidhgeuiwhweuihfpiweufiuwezfniufzuweibnorifnwiuefnzoweifjewpof,jiweujfmoweihjmfiuwehfiuwehbnifuweghbpifuwepfweidhgeuiwhweuihfpiweufiuwezfniufzuweibnorifnwiuefnzoweifjewpof,jiweujfmoweihjmfiuwehfiuwehbnifuweghbpifuwepfweidhgeuiwhweuihfpiweufiuwezfniufzuweibnorifnwiuefnzoweifjewpof,jiweujfmoweihjmfiuwehfiuwehbnifuweghbpifuwepfweidhgeuiwhweuihfpiweufiuwezfniufzuweibnorifnwiuefnzoweifjewpof,jiweujfmoweihjmfiuwehfiuwehbnifuweghbpifuwepfweidhgeuiwhweuihfpiweufiuwezfniufzuweibnorifnwiuefnzoweifjewpof,jiweujfmoweihjmfiuwehfiuwehbnifuweghbpifuwepfweidhgeuiwhweuihfpiweufiuwezfniufzuweibnorifnwiuefnzoweifjewpof,jiweujfmoweihjmfiuwehfiuwehbnifuweghbpifuwepfweidhgeuiwhweuihfpiweufiuwezfniufzuweibnorifnwiuefnzoweifjewpof,jiweujfmoweihjmfiuwehfiuwehbnifuweghbpifuwepfweidhgeuiwhweuihfpiweufiuwezfniufzuweibnorifnwiuefnzoweifjewpof,jiweujfmoweihjmfiuwehfiuwehbnifuweghbpifuwepfw', creationDate='2020-06-26', state='ACTIVE' }
[INFO ] 2020-07-09 23:22:17.219 [Thread-4] Main - Note loaded: {id=45, title='Hansestadt', content='Ja genau ui wopw hier stehen wörter aber wo ist der Sinnss', creationDate='2020-06-30', state='ARCHIVED' }
[INFO ] 2020-07-09 23:22:17.220 [Thread-4] Main - Note loaded: {id=46, title='hAUSAUdd', content='JAAJ FDCKssssssss', creationDate='2020-06-30', state='ACTIVE' }
[INFO ] 2020-07-09 23:22:17.220 [Thread-4] Main - Note loaded: {id=47, title='Note', content='The following is part of the List interface (which ArrayList implements):

E e = list.get(list.size() - 1);ssssss
E e = list.get(list.size() - 1);ssssss
E e = list.get(list.size() - 1);ssssss
E e = list.get(list.size() - 1);ssssss
E e = list.get(list.size() - 1);ssssss', creationDate='2020-06-30', state='ACTIVE' }
[INFO ] 2020-07-09 23:22:17.221 [Thread-4] Main - Note loaded: {id=48, title='Note2', content='There isn't an elegant way in vanilla Java.

Google Gussava
The Google Guava library is great - check out their Iterables class. This method will throw a ssNoSuchElementException if the list is empty, as opposed to an ssIndexOutOfBoundsExsssscepdddsation, as with the typical size()-1 approach - I find a NoSuchElementException much nicer, or the ability to specify a default:

lastElement = Iterables.getLast(iterableList);
You can also provide a default value if the list is empty, instead of an exception:

lastElement = Iterables.getLast(iterableList, null);
or, if you're using Options:

lastElementRaw = Iterables.getLast(iterableList, null);
lastElement = (lastElementRaw == null) ? Option.none() : Option.some(lastElementRaw);', creationDate='2020-06-30', state='ACTIVE' }
[INFO ] 2020-07-09 23:22:17.222 [Thread-4] Main - Note loaded: {id=76, title='not22', content='', creationDate='2020-07-09', state='ARCHIVED' }
[INFO ] 2020-07-09 23:22:17.420 [Thread-4] Main - Database Connection created com.mysql.jdbc.JDBC4Connection@65695b41
[INFO ] 2020-07-09 23:22:17.455 [Thread-4] Main - Tasks fetched from server
